<?xml version="1.0" encoding="UTF-8"?>
<!-- Generated by org.testng.reporters.JUnitReportReporter -->
<testsuite skipped="0" hostname="Karthik-PC" name="com.qa.shoClues.testcases.LoginTestCase" tests="2" failures="0" timestamp="2021-03-26T02:17:28 IST" time="53.772" errors="0">
  <testcase name="logintest" time="19.050" classname="com.qa.shoClues.testcases.LoginTestCase"/>
  <system-out/>
  <testcase name="otherModule" time="34.722" classname="com.qa.shoClues.testcases.LoginTestCase"/>
  <system-out>
Title of the Product Nike Shoe is :  Price of the Product Nike Shoe is :  Count of result :  Title of the Product Fast Track title is : Fastrack Quartz White Round Men Watch 3124SM01 Price of the Product Fast Track price is : Rs.603 Count of result : 4 Title of the Apple Phone is : Apple iPhone 11 Pro Max 256GB 4GB RAM Smartphone Gold Price of the Product Apple Phone price is : Rs.113328 Count of result : 2  Items Left! Showing 10669 Results  </system-out>
</testsuite> <!-- com.qa.shoClues.testcases.LoginTestCase -->
